<?xml version="1.0" encoding="UTF-8"?>
<testng-results skipped="0" failed="0" ignored="0" total="4" passed="4">
  <reporter-output>
  </reporter-output>
  <suite name="Maven" duration-ms="45" started-at="2020-01-02T16:51:32Z" finished-at="2020-01-02T16:51:32Z">
    <groups>
    </groups>
    <test name="TestNG Maven" duration-ms="45" started-at="2020-01-02T16:51:32Z" finished-at="2020-01-02T16:51:32Z">
      <class name="com.code.java.selenium.TestNGTest">
        <test-method status="PASS" signature="testCaseOne()[pri:0, instance:com.code.java.selenium.TestNGTest@2d209079]" name="testCaseOne" duration-ms="11" started-at="2020-01-02T16:51:32Z" finished-at="2020-01-02T16:51:32Z">
          <reporter-output>
          </reporter-output>
        </test-method> <!-- testCaseOne -->
      </class> <!-- com.code.java.selenium.TestNGTest -->
    </test> <!-- TestNG Maven -->
  </suite> <!-- Maven -->
  <suite name="Maven Two" duration-ms="7" started-at="2020-01-02T16:51:32Z" finished-at="2020-01-02T16:51:32Z">
    <groups>
    </groups>
    <test name="TestNG Maven Two" duration-ms="7" started-at="2020-01-02T16:51:32Z" finished-at="2020-01-02T16:51:32Z">
      <class name="com.code.java.selenium.TestNGTestMaven">
        <test-method status="PASS" signature="testCaseOne(java.lang.String)[pri:0, instance:com.code.java.selenium.TestNGTestMaven@6fadae5d]" name="testCaseOne" duration-ms="0" started-at="2020-01-02T16:51:32Z" data-provider="data" finished-at="2020-01-02T16:51:32Z">
          <params>
            <param index="0">
              <value>
                <![CDATA[Data Provider]]>
              </value>
            </param>
          </params>
          <reporter-output>
          </reporter-output>
        </test-method> <!-- testCaseOne -->
        <test-method status="PASS" signature="testCaseOne(java.lang.String)[pri:0, instance:com.code.java.selenium.TestNGTestMaven@6fadae5d]" name="testCaseOne" duration-ms="0" started-at="2020-01-02T16:51:32Z" data-provider="data" finished-at="2020-01-02T16:51:32Z">
          <params>
            <param index="0">
              <value>
                <![CDATA[TestNG]]>
              </value>
            </param>
          </params>
          <reporter-output>
          </reporter-output>
        </test-method> <!-- testCaseOne -->
      </class> <!-- com.code.java.selenium.TestNGTestMaven -->
    </test> <!-- TestNG Maven Two -->
  </suite> <!-- Maven Two -->
  <suite name="Maven Selenium" duration-ms="10978" started-at="2020-01-02T16:51:32Z" finished-at="2020-01-02T16:51:43Z">
    <groups>
    </groups>
    <test name="TestNG Maven Selenium" duration-ms="10978" started-at="2020-01-02T16:51:32Z" finished-at="2020-01-02T16:51:43Z">
      <class name="com.code.java.selenium.SeleniumTest">
        <test-method status="PASS" signature="initWebDriver()[pri:0, instance:com.code.java.selenium.SeleniumTest@380fb434]" name="initWebDriver" is-config="true" duration-ms="3798" started-at="2020-01-02T16:51:32Z" finished-at="2020-01-02T16:51:36Z">
          <reporter-output>
          </reporter-output>
        </test-method> <!-- initWebDriver -->
        <test-method status="PASS" signature="seleniumTest()[pri:0, instance:com.code.java.selenium.SeleniumTest@380fb434]" name="seleniumTest" duration-ms="6369" started-at="2020-01-02T16:51:36Z" finished-at="2020-01-02T16:51:42Z">
          <reporter-output>
          </reporter-output>
        </test-method> <!-- seleniumTest -->
        <test-method status="PASS" signature="tearDown()[pri:0, instance:com.code.java.selenium.SeleniumTest@380fb434]" name="tearDown" is-config="true" duration-ms="810" started-at="2020-01-02T16:51:42Z" finished-at="2020-01-02T16:51:43Z">
          <reporter-output>
          </reporter-output>
        </test-method> <!-- tearDown -->
      </class> <!-- com.code.java.selenium.SeleniumTest -->
    </test> <!-- TestNG Maven Selenium -->
  </suite> <!-- Maven Selenium -->
</testng-results>
