<?xml version="1.0" encoding="UTF-8"?>
<testng-results skipped="0" failed="1" total="2" passed="1">
  <reporter-output>
  </reporter-output>
  <suite name="Default suite" duration-ms="26216" started-at="2020-01-05T21:05:52Z" finished-at="2020-01-05T21:06:18Z">
    <groups>
    </groups>
    <test name="Default test" duration-ms="26216" started-at="2020-01-05T21:05:52Z" finished-at="2020-01-05T21:06:18Z">
      <class name="com.tutorial.TestChromeBrowser">
        <test-method status="PASS" signature="testChromeBrowser()[pri:0, instance:com.tutorial.TestChromeBrowser@747ddf94]" name="testChromeBrowser" duration-ms="8274" started-at="2020-01-05T22:05:52Z" finished-at="2020-01-05T22:06:00Z">
          <reporter-output>
          </reporter-output>
        </test-method> <!-- testChromeBrowser -->
        <test-method status="FAIL" signature="testFirefoxDriver()[pri:0, instance:com.tutorial.TestChromeBrowser@747ddf94]" name="testFirefoxDriver" duration-ms="9431" started-at="2020-01-05T22:06:00Z" finished-at="2020-01-05T22:06:10Z">
          <exception class="java.lang.NoSuchMethodError">
            <message>
              <![CDATA[org.apache.commons.io.IOUtils.toString(Ljava/io/InputStream;Ljava/nio/charset/Charset;)Ljava/lang/String;]]>
            </message>
            <full-stacktrace>
              <![CDATA[java.lang.NoSuchMethodError: org.apache.commons.io.IOUtils.toString(Ljava/io/InputStream;Ljava/nio/charset/Charset;)Ljava/lang/String;
	at io.github.bonigarcia.wdm.Shell.runAndWaitNoLog(Shell.java:66)
	at io.github.bonigarcia.wdm.Shell.runAndWaitArray(Shell.java:56)
	at io.github.bonigarcia.wdm.Shell.runAndWait(Shell.java:50)
	at io.github.bonigarcia.wdm.WebDriverManager.getBrowserVersionInWindows(WebDriverManager.java:1210)
	at io.github.bonigarcia.wdm.WebDriverManager.getDefaultBrowserVersion(WebDriverManager.java:1175)
	at io.github.bonigarcia.wdm.FirefoxDriverManager.getBrowserVersion(FirefoxDriverManager.java:112)
	at io.github.bonigarcia.wdm.WebDriverManager.detectDriverVersionFromBrowser(WebDriverManager.java:581)
	at io.github.bonigarcia.wdm.WebDriverManager.manage(WebDriverManager.java:509)
	at io.github.bonigarcia.wdm.WebDriverManager.setup(WebDriverManager.java:260)
	at com.tutorial.TestChromeBrowser.testFirefoxDriver(TestChromeBrowser.java:25)
	at sun.reflect.NativeMethodAccessorImpl.invoke0(Native Method)
	at sun.reflect.NativeMethodAccessorImpl.invoke(NativeMethodAccessorImpl.java:62)
	at sun.reflect.DelegatingMethodAccessorImpl.invoke(DelegatingMethodAccessorImpl.java:43)
	at java.lang.reflect.Method.invoke(Method.java:498)
	at org.testng.internal.MethodInvocationHelper.invokeMethod(MethodInvocationHelper.java:85)
	at org.testng.internal.Invoker.invokeMethod(Invoker.java:639)
	at org.testng.internal.Invoker.invokeTestMethod(Invoker.java:816)
	at org.testng.internal.Invoker.invokeTestMethods(Invoker.java:1124)
	at org.testng.internal.TestMethodWorker.invokeTestMethods(TestMethodWorker.java:125)
	at org.testng.internal.TestMethodWorker.run(TestMethodWorker.java:108)
	at org.testng.TestRunner.privateRun(TestRunner.java:774)
	at org.testng.TestRunner.run(TestRunner.java:624)
	at org.testng.SuiteRunner.runTest(SuiteRunner.java:359)
	at org.testng.SuiteRunner.runSequentially(SuiteRunner.java:354)
	at org.testng.SuiteRunner.privateRun(SuiteRunner.java:312)
	at org.testng.SuiteRunner.run(SuiteRunner.java:261)
	at org.testng.SuiteRunnerWorker.runSuite(SuiteRunnerWorker.java:52)
	at org.testng.SuiteRunnerWorker.run(SuiteRunnerWorker.java:86)
	at org.testng.TestNG.runSuitesSequentially(TestNG.java:1191)
	at org.testng.TestNG.runSuitesLocally(TestNG.java:1116)
	at org.testng.TestNG.run(TestNG.java:1024)
	at org.testng.remote.AbstractRemoteTestNG.run(AbstractRemoteTestNG.java:114)
	at org.testng.remote.RemoteTestNG.initAndRun(RemoteTestNG.java:251)
	at org.testng.remote.RemoteTestNG.main(RemoteTestNG.java:77)
]]>
            </full-stacktrace>
          </exception> <!-- java.lang.NoSuchMethodError -->
          <reporter-output>
          </reporter-output>
        </test-method> <!-- testFirefoxDriver -->
      </class> <!-- com.tutorial.TestChromeBrowser -->
    </test> <!-- Default test -->
  </suite> <!-- Default suite -->
</testng-results>
